2024-11-20 14:26:03,394 - INFO - generating get_neuron_state_flitin.txt&get_neuron_state_flitin.bin
2024-11-20 14:26:03,400 - DEBUG - ======get_neuron_state_flitin flit_gen elapsed : 6.5515 ms
2024-11-20 14:26:03,400 - INFO - tcp connect succeed
2024-11-20 14:26:03,404 - INFO - flit data packet sent
2024-11-20 14:26:03,404 - DEBUG - ====== tcp sent elapsed : 4.1103 ms
2024-11-20 14:26:03,407 - DEBUG - ====== tcp recv elapsed : 6.2799 ms
2024-11-20 14:26:03,407 - INFO - parsering recv flit : get_neuron_state_recv.txt
2024-11-20 14:26:03,417 - INFO - [vt] tik=0, x=0, y=2, relay_link=0x00, addr=0x02000, value=0x0000f660 (-2464)
2024-11-20 14:26:03,417 - INFO - [vt] tik=0, x=0, y=2, relay_link=0x00, addr=0x02001, value=0x0000fdd0 (-560)
2024-11-20 14:26:03,417 - DEBUG - ====== parser recv flit:get_neuron_state_recv.txt elapsed : 10.2599 ms
2024-11-20 14:26:31,735 - INFO - generating get_neuron_state_flitin.txt&get_neuron_state_flitin.bin
2024-11-20 14:26:31,736 - DEBUG - ======get_neuron_state_flitin flit_gen elapsed : 1.3940 ms
2024-11-20 14:26:31,736 - INFO - tcp connect succeed
2024-11-20 14:26:31,736 - INFO - flit data packet sent
2024-11-20 14:26:31,736 - DEBUG - ====== tcp sent elapsed : 0.0000 ms
2024-11-20 14:26:31,743 - DEBUG - ====== tcp recv elapsed : 6.3632 ms
2024-11-20 14:26:31,744 - INFO - parsering recv flit : get_neuron_state_recv.txt
2024-11-20 14:26:31,752 - INFO - [vt] tik=0, x=0, y=2, relay_link=0x00, addr=0x02000, value=0x0000f964 (-1692)
2024-11-20 14:26:31,752 - INFO - [vt] tik=0, x=0, y=2, relay_link=0x00, addr=0x02001, value=0x00000012 (18)
2024-11-20 14:26:31,752 - DEBUG - ====== parser recv flit:get_neuron_state_recv.txt elapsed : 7.9234 ms
2024-11-20 14:26:54,269 - INFO - generating get_neuron_state_flitin.txt&get_neuron_state_flitin.bin
2024-11-20 14:26:54,271 - DEBUG - ======get_neuron_state_flitin flit_gen elapsed : 2.0001 ms
2024-11-20 14:26:54,272 - INFO - tcp connect succeed
2024-11-20 14:26:54,273 - INFO - flit data packet sent
2024-11-20 14:26:54,273 - DEBUG - ====== tcp sent elapsed : 1.5643 ms
2024-11-20 14:26:54,278 - DEBUG - ====== tcp recv elapsed : 6.5861 ms
2024-11-20 14:26:54,278 - INFO - parsering recv flit : get_neuron_state_recv.txt
2024-11-20 14:26:54,289 - INFO - [vt] tik=0, x=0, y=2, relay_link=0x00, addr=0x02000, value=0x0000fa6a (-1430)
2024-11-20 14:26:54,289 - INFO - [vt] tik=0, x=0, y=2, relay_link=0x00, addr=0x02001, value=0x00000000 (0)
2024-11-20 14:26:54,289 - DEBUG - ====== parser recv flit:get_neuron_state_recv.txt elapsed : 10.3271 ms
2024-11-20 14:27:10,505 - INFO - generating get_neuron_state_flitin.txt&get_neuron_state_flitin.bin
2024-11-20 14:27:10,505 - DEBUG - ======get_neuron_state_flitin flit_gen elapsed : 0.0000 ms
2024-11-20 14:27:10,505 - INFO - tcp connect succeed
2024-11-20 14:27:10,505 - INFO - flit data packet sent
2024-11-20 14:27:10,505 - DEBUG - ====== tcp sent elapsed : 0.0000 ms
2024-11-20 14:27:10,505 - DEBUG - ====== tcp recv elapsed : 0.0000 ms
2024-11-20 14:27:10,505 - INFO - parsering recv flit : get_neuron_state_recv.txt
2024-11-20 14:27:10,519 - INFO - [vt] tik=0, x=0, y=2, relay_link=0x00, addr=0x02000, value=0x0000fb50 (-1200)
2024-11-20 14:27:10,519 - INFO - [vt] tik=0, x=0, y=2, relay_link=0x00, addr=0x02001, value=0x00000000 (0)
2024-11-20 14:27:10,519 - DEBUG - ====== parser recv flit:get_neuron_state_recv.txt elapsed : 13.8094 ms
2024-11-20 14:27:24,385 - INFO - generating get_neuron_state_flitin.txt&get_neuron_state_flitin.bin
2024-11-20 14:27:24,386 - DEBUG - ======get_neuron_state_flitin flit_gen elapsed : 0.9999 ms
2024-11-20 14:27:24,387 - INFO - tcp connect succeed
2024-11-20 14:27:24,388 - INFO - flit data packet sent
2024-11-20 14:27:24,388 - DEBUG - ====== tcp sent elapsed : 0.7136 ms
2024-11-20 14:27:24,388 - DEBUG - ====== tcp recv elapsed : 1.0648 ms
2024-11-20 14:27:24,388 - INFO - parsering recv flit : get_neuron_state_recv.txt
2024-11-20 14:27:24,388 - INFO - [vt] tik=0, x=0, y=2, relay_link=0x00, addr=0x02000, value=0x0000f660 (-2464)
2024-11-20 14:27:24,388 - INFO - [vt] tik=0, x=0, y=2, relay_link=0x00, addr=0x02001, value=0x0000fdd0 (-560)
2024-11-20 14:27:24,388 - DEBUG - ====== parser recv flit:get_neuron_state_recv.txt elapsed : 0.0000 ms
2024-11-20 14:34:22,088 - INFO - generating get_neuron_state_flitin.txt&get_neuron_state_flitin.bin
2024-11-20 14:34:22,094 - DEBUG - ======get_neuron_state_flitin flit_gen elapsed : 5.6708 ms
2024-11-20 14:34:22,095 - INFO - tcp connect succeed
2024-11-20 14:34:22,099 - INFO - flit data packet sent
2024-11-20 14:34:22,099 - DEBUG - ====== tcp sent elapsed : 4.1783 ms
2024-11-20 14:34:22,104 - DEBUG - ====== tcp recv elapsed : 8.8105 ms
2024-11-20 14:34:22,104 - INFO - parsering recv flit : get_neuron_state_recv.txt
2024-11-20 14:34:22,116 - INFO - [reg] tik=0, x=0, y=2, relay_link=0x00, addr=0x00802, value=0x00000000 (0)
2024-11-20 14:34:22,116 - INFO - [reg] tik=0, x=0, y=2, relay_link=0x00, addr=0x00802, value=0x00000000 (0)
2024-11-20 14:34:22,117 - DEBUG - ====== parser recv flit:get_neuron_state_recv.txt elapsed : 12.1946 ms
2024-11-20 14:34:39,139 - INFO - generating get_neuron_state_flitin.txt&get_neuron_state_flitin.bin
2024-11-20 14:34:39,146 - DEBUG - ======get_neuron_state_flitin flit_gen elapsed : 5.8386 ms
2024-11-20 14:34:39,147 - INFO - tcp connect succeed
2024-11-20 14:34:39,152 - INFO - flit data packet sent
2024-11-20 14:34:39,152 - DEBUG - ====== tcp sent elapsed : 5.1138 ms
2024-11-20 14:34:39,154 - DEBUG - ====== tcp recv elapsed : 7.3538 ms
2024-11-20 14:34:39,158 - INFO - parsering recv flit : get_neuron_state_recv.txt
2024-11-20 14:34:39,165 - INFO - [reg] tik=0, x=0, y=2, relay_link=0x00, addr=0x00800, value=0x0000fdd0 (-560)
2024-11-20 14:34:39,165 - INFO - [reg] tik=0, x=0, y=2, relay_link=0x00, addr=0x00800, value=0x0000fdd0 (-560)
2024-11-20 14:34:39,165 - DEBUG - ====== parser recv flit:get_neuron_state_recv.txt elapsed : 7.5436 ms
2024-11-20 14:34:47,056 - INFO - generating get_neuron_state_flitin.txt&get_neuron_state_flitin.bin
2024-11-20 14:34:47,058 - DEBUG - ======get_neuron_state_flitin flit_gen elapsed : 1.8334 ms
2024-11-20 14:34:47,058 - INFO - tcp connect succeed
2024-11-20 14:34:47,058 - INFO - flit data packet sent
2024-11-20 14:34:47,058 - DEBUG - ====== tcp sent elapsed : 0.0000 ms
2024-11-20 14:34:47,065 - DEBUG - ====== tcp recv elapsed : 6.1612 ms
2024-11-20 14:34:47,065 - INFO - parsering recv flit : get_neuron_state_recv.txt
2024-11-20 14:34:47,066 - INFO - [reg] tik=0, x=0, y=2, relay_link=0x00, addr=0x00800, value=0x0000fdd0 (-560)
2024-11-20 14:34:47,066 - INFO - [reg] tik=0, x=0, y=2, relay_link=0x00, addr=0x00800, value=0x0000fdd0 (-560)
2024-11-20 14:34:47,066 - DEBUG - ====== parser recv flit:get_neuron_state_recv.txt elapsed : 0.9997 ms
2024-11-20 14:34:52,453 - INFO - generating get_neuron_state_flitin.txt&get_neuron_state_flitin.bin
2024-11-20 14:34:52,453 - DEBUG - ======get_neuron_state_flitin flit_gen elapsed : 0.4582 ms
2024-11-20 14:34:52,453 - INFO - tcp connect succeed
2024-11-20 14:34:52,453 - INFO - flit data packet sent
2024-11-20 14:34:52,453 - DEBUG - ====== tcp sent elapsed : 0.0000 ms
2024-11-20 14:34:52,462 - DEBUG - ====== tcp recv elapsed : 8.1625 ms
2024-11-20 14:34:52,462 - INFO - parsering recv flit : get_neuron_state_recv.txt
2024-11-20 14:34:52,464 - INFO - [reg] tik=0, x=0, y=2, relay_link=0x00, addr=0x00800, value=0x0000fdd0 (-560)
2024-11-20 14:34:52,464 - INFO - [reg] tik=0, x=0, y=2, relay_link=0x00, addr=0x00800, value=0x0000fdd0 (-560)
2024-11-20 14:34:52,464 - DEBUG - ====== parser recv flit:get_neuron_state_recv.txt elapsed : 1.9996 ms
2024-11-20 14:35:21,279 - INFO - generating get_neuron_state_flitin.txt&get_neuron_state_flitin.bin
2024-11-20 14:35:21,281 - DEBUG - ======get_neuron_state_flitin flit_gen elapsed : 0.8349 ms
2024-11-20 14:35:21,281 - INFO - tcp connect succeed
2024-11-20 14:35:21,281 - INFO - flit data packet sent
2024-11-20 14:35:21,281 - DEBUG - ====== tcp sent elapsed : 0.0000 ms
2024-11-20 14:35:21,287 - DEBUG - ====== tcp recv elapsed : 6.9067 ms
2024-11-20 14:35:21,288 - INFO - parsering recv flit : get_neuron_state_recv.txt
2024-11-20 14:35:21,289 - INFO - [reg] tik=0, x=0, y=2, relay_link=0x00, addr=0x00800, value=0x0000fdd0 (-560)
2024-11-20 14:35:21,289 - INFO - [reg] tik=0, x=0, y=2, relay_link=0x00, addr=0x00800, value=0x0000fdd0 (-560)
2024-11-20 14:35:21,289 - DEBUG - ====== parser recv flit:get_neuron_state_recv.txt elapsed : 1.0009 ms
2024-11-20 14:35:54,511 - INFO - generating get_neuron_state_flitin.txt&get_neuron_state_flitin.bin
2024-11-20 14:35:54,518 - DEBUG - ======get_neuron_state_flitin flit_gen elapsed : 5.8916 ms
2024-11-20 14:35:54,519 - INFO - tcp connect succeed
2024-11-20 14:35:54,524 - INFO - flit data packet sent
2024-11-20 14:35:54,524 - DEBUG - ====== tcp sent elapsed : 4.9965 ms
2024-11-20 14:35:54,526 - DEBUG - ====== tcp recv elapsed : 7.2520 ms
2024-11-20 14:35:54,526 - INFO - parsering recv flit : get_neuron_state_recv.txt
2024-11-20 14:35:54,536 - INFO - [reg] tik=0, x=0, y=2, relay_link=0x00, addr=0x00801, value=0x0000007f (127)
2024-11-20 14:35:54,537 - INFO - [reg] tik=0, x=0, y=2, relay_link=0x00, addr=0x00801, value=0x0000007f (127)
2024-11-20 14:35:54,537 - DEBUG - ====== parser recv flit:get_neuron_state_recv.txt elapsed : 11.0257 ms
2024-11-20 14:36:39,255 - INFO - generating get_neuron_state_flitin.txt&get_neuron_state_flitin.bin
2024-11-20 14:36:39,260 - DEBUG - ======get_neuron_state_flitin flit_gen elapsed : 5.6851 ms
2024-11-20 14:36:39,261 - INFO - tcp connect succeed
2024-11-20 14:36:39,266 - INFO - flit data packet sent
2024-11-20 14:36:39,266 - DEBUG - ====== tcp sent elapsed : 5.0809 ms
2024-11-20 14:36:39,271 - DEBUG - ====== tcp recv elapsed : 9.9041 ms
2024-11-20 14:36:39,271 - INFO - parsering recv flit : get_neuron_state_recv.txt
2024-11-20 14:36:39,277 - INFO - [reg] tik=0, x=0, y=2, relay_link=0x00, addr=0x00803, value=0x0000eff8 (-4104)
2024-11-20 14:36:39,278 - INFO - [reg] tik=0, x=0, y=2, relay_link=0x00, addr=0x00803, value=0x0000eff8 (-4104)
2024-11-20 14:36:39,278 - DEBUG - ====== parser recv flit:get_neuron_state_recv.txt elapsed : 6.8808 ms
2024-11-20 14:37:29,383 - INFO - generating get_neuron_state_flitin.txt&get_neuron_state_flitin.bin
2024-11-20 14:37:29,389 - DEBUG - ======get_neuron_state_flitin flit_gen elapsed : 6.6004 ms
2024-11-20 14:37:29,389 - INFO - tcp connect succeed
2024-11-20 14:37:29,390 - INFO - flit data packet sent
2024-11-20 14:37:29,390 - DEBUG - ====== tcp sent elapsed : 1.0090 ms
2024-11-20 14:37:29,395 - DEBUG - ====== tcp recv elapsed : 5.9638 ms
2024-11-20 14:37:29,395 - INFO - parsering recv flit : get_neuron_state_recv.txt
2024-11-20 14:37:29,396 - INFO - [vt] tik=0, x=0, y=2, relay_link=0x00, addr=0x02000, value=0x0000f660 (-2464)
2024-11-20 14:37:29,396 - INFO - [vt] tik=0, x=0, y=2, relay_link=0x00, addr=0x02001, value=0x0000fdd0 (-560)
2024-11-20 14:37:29,396 - DEBUG - ====== parser recv flit:get_neuron_state_recv.txt elapsed : 1.0109 ms
2024-11-20 14:37:52,511 - INFO - generating get_neuron_state_flitin.txt&get_neuron_state_flitin.bin
2024-11-20 14:37:52,512 - DEBUG - ======get_neuron_state_flitin flit_gen elapsed : 1.7483 ms
2024-11-20 14:37:52,512 - INFO - tcp connect succeed
2024-11-20 14:37:52,514 - INFO - flit data packet sent
2024-11-20 14:37:52,514 - DEBUG - ====== tcp sent elapsed : 1.3156 ms
2024-11-20 14:37:52,519 - DEBUG - ====== tcp recv elapsed : 6.3384 ms
2024-11-20 14:37:52,519 - INFO - parsering recv flit : get_neuron_state_recv.txt
2024-11-20 14:37:52,521 - INFO - [reg] tik=0, x=0, y=2, relay_link=0x00, addr=0x00800, value=0x0000fdd0 (-560)
2024-11-20 14:37:52,521 - INFO - [reg] tik=0, x=0, y=2, relay_link=0x00, addr=0x00800, value=0x0000fdd0 (-560)
2024-11-20 14:37:52,521 - DEBUG - ====== parser recv flit:get_neuron_state_recv.txt elapsed : 2.0008 ms
2024-11-20 14:38:26,961 - INFO - generating get_neuron_state_flitin.txt&get_neuron_state_flitin.bin
2024-11-20 14:38:26,965 - DEBUG - ======get_neuron_state_flitin flit_gen elapsed : 3.6442 ms
2024-11-20 14:38:26,966 - INFO - tcp connect succeed
2024-11-20 14:38:26,967 - INFO - flit data packet sent
2024-11-20 14:38:26,967 - DEBUG - ====== tcp sent elapsed : 0.9995 ms
2024-11-20 14:38:26,972 - DEBUG - ====== tcp recv elapsed : 6.1085 ms
2024-11-20 14:38:26,972 - INFO - parsering recv flit : get_neuron_state_recv.txt
2024-11-20 14:38:26,973 - INFO - [vt] tik=0, x=0, y=2, relay_link=0x00, addr=0x02000, value=0x0000f660 (-2464)
2024-11-20 14:38:26,973 - INFO - [vt] tik=0, x=0, y=2, relay_link=0x00, addr=0x02001, value=0x0000fdd0 (-560)
2024-11-20 14:38:26,973 - DEBUG - ====== parser recv flit:get_neuron_state_recv.txt elapsed : 0.9441 ms
2024-11-20 14:38:32,112 - INFO - generating get_neuron_state_flitin.txt&get_neuron_state_flitin.bin
2024-11-20 14:38:32,116 - DEBUG - ======get_neuron_state_flitin flit_gen elapsed : 4.2603 ms
2024-11-20 14:38:32,117 - INFO - tcp connect succeed
2024-11-20 14:38:32,118 - INFO - flit data packet sent
2024-11-20 14:38:32,118 - DEBUG - ====== tcp sent elapsed : 0.9999 ms
2024-11-20 14:38:32,123 - DEBUG - ====== tcp recv elapsed : 6.0499 ms
2024-11-20 14:38:32,123 - INFO - parsering recv flit : get_neuron_state_recv.txt
2024-11-20 14:38:32,124 - INFO - [vt] tik=0, x=0, y=2, relay_link=0x00, addr=0x02000, value=0x0000f660 (-2464)
2024-11-20 14:38:32,124 - INFO - [vt] tik=0, x=0, y=2, relay_link=0x00, addr=0x02001, value=0x0000fdd0 (-560)
2024-11-20 14:38:32,124 - DEBUG - ====== parser recv flit:get_neuron_state_recv.txt elapsed : 1.0111 ms
2024-11-20 14:38:57,076 - INFO - generating get_neuron_state_flitin.txt&get_neuron_state_flitin.bin
2024-11-20 14:38:57,076 - DEBUG - ======get_neuron_state_flitin flit_gen elapsed : 0.5770 ms
2024-11-20 14:38:57,076 - INFO - tcp connect succeed
2024-11-20 14:38:57,076 - INFO - flit data packet sent
2024-11-20 14:38:57,076 - DEBUG - ====== tcp sent elapsed : 0.0000 ms
2024-11-20 14:38:57,083 - DEBUG - ====== tcp recv elapsed : 6.8676 ms
2024-11-20 14:38:57,083 - INFO - parsering recv flit : get_neuron_state_recv.txt
2024-11-20 14:38:57,084 - INFO - [reg] tik=0, x=0, y=2, relay_link=0x00, addr=0x00800, value=0x0000fdd0 (-560)
2024-11-20 14:38:57,084 - INFO - [reg] tik=0, x=0, y=2, relay_link=0x00, addr=0x00800, value=0x0000fdd0 (-560)
2024-11-20 14:38:57,084 - DEBUG - ====== parser recv flit:get_neuron_state_recv.txt elapsed : 0.9995 ms
2024-11-20 14:58:21,399 - INFO - generating get_neuron_state_flitin.txt&get_neuron_state_flitin.bin
2024-11-20 14:58:21,399 - DEBUG - ======get_neuron_state_flitin flit_gen elapsed : 0.2627 ms
2024-11-20 14:58:21,399 - INFO - tcp connect succeed
2024-11-20 14:58:21,406 - INFO - flit data packet sent
2024-11-20 14:58:21,407 - DEBUG - ====== tcp sent elapsed : 7.5891 ms
2024-11-20 14:58:21,412 - DEBUG - ====== tcp recv elapsed : 11.7748 ms
2024-11-20 14:58:21,412 - INFO - parsering recv flit : get_neuron_state_recv.txt
2024-11-20 14:58:21,419 - INFO - [vt] tik=0, x=0, y=2, relay_link=0x00, addr=0x02000, value=0x0000003a (58)
2024-11-20 14:58:21,419 - INFO - [vt] tik=0, x=0, y=2, relay_link=0x00, addr=0x02001, value=0x00000000 (0)
2024-11-20 14:58:21,419 - DEBUG - ====== parser recv flit:get_neuron_state_recv.txt elapsed : 7.0972 ms
2024-11-20 14:59:16,239 - INFO - generating get_neuron_state_flitin.txt&get_neuron_state_flitin.bin
2024-11-20 14:59:16,241 - DEBUG - ======get_neuron_state_flitin flit_gen elapsed : 1.2612 ms
2024-11-20 14:59:16,241 - INFO - tcp connect succeed
2024-11-20 14:59:16,242 - INFO - flit data packet sent
2024-11-20 14:59:16,242 - DEBUG - ====== tcp sent elapsed : 1.0004 ms
2024-11-20 14:59:16,245 - DEBUG - ====== tcp recv elapsed : 4.6291 ms
2024-11-20 14:59:16,245 - INFO - parsering recv flit : get_neuron_state_recv.txt
2024-11-20 14:59:16,245 - INFO - [vt] tik=0, x=0, y=2, relay_link=0x00, addr=0x02000, value=0x00000036 (54)
2024-11-20 14:59:16,245 - INFO - [vt] tik=0, x=0, y=2, relay_link=0x00, addr=0x02001, value=0x00000000 (0)
2024-11-20 14:59:16,255 - DEBUG - ====== parser recv flit:get_neuron_state_recv.txt elapsed : 9.5065 ms
2024-11-20 14:59:22,143 - INFO - generating get_neuron_state_flitin.txt&get_neuron_state_flitin.bin
2024-11-20 14:59:22,145 - DEBUG - ======get_neuron_state_flitin flit_gen elapsed : 2.0285 ms
2024-11-20 14:59:22,145 - INFO - tcp connect succeed
2024-11-20 14:59:22,146 - INFO - flit data packet sent
2024-11-20 14:59:22,146 - DEBUG - ====== tcp sent elapsed : 0.9997 ms
2024-11-20 14:59:22,151 - DEBUG - ====== tcp recv elapsed : 5.9435 ms
2024-11-20 14:59:22,151 - INFO - parsering recv flit : get_neuron_state_recv.txt
2024-11-20 14:59:22,157 - INFO - [vt] tik=0, x=0, y=2, relay_link=0x00, addr=0x02000, value=0x00000032 (50)
2024-11-20 14:59:22,157 - INFO - [vt] tik=0, x=0, y=2, relay_link=0x00, addr=0x02001, value=0x00000000 (0)
2024-11-20 14:59:22,157 - DEBUG - ====== parser recv flit:get_neuron_state_recv.txt elapsed : 5.6221 ms
2024-11-20 15:00:09,320 - INFO - generating get_neuron_state_flitin.txt&get_neuron_state_flitin.bin
2024-11-20 15:00:09,321 - DEBUG - ======get_neuron_state_flitin flit_gen elapsed : 1.0092 ms
2024-11-20 15:00:09,321 - INFO - tcp connect succeed
2024-11-20 15:00:09,322 - INFO - flit data packet sent
2024-11-20 15:00:09,322 - DEBUG - ====== tcp sent elapsed : 0.9360 ms
2024-11-20 15:00:09,322 - DEBUG - ====== tcp recv elapsed : 0.9360 ms
2024-11-20 15:00:09,322 - INFO - parsering recv flit : get_neuron_state_recv.txt
2024-11-20 15:00:09,332 - INFO - [vt] tik=0, x=0, y=2, relay_link=0x00, addr=0x02000, value=0x0000002e (46)
2024-11-20 15:00:09,332 - INFO - [vt] tik=0, x=0, y=2, relay_link=0x00, addr=0x02001, value=0x00000000 (0)
2024-11-20 15:00:09,332 - DEBUG - ====== parser recv flit:get_neuron_state_recv.txt elapsed : 9.5065 ms
2024-11-20 15:00:24,598 - INFO - generating get_neuron_state_flitin.txt&get_neuron_state_flitin.bin
2024-11-20 15:00:24,598 - DEBUG - ======get_neuron_state_flitin flit_gen elapsed : 0.0000 ms
2024-11-20 15:00:24,598 - INFO - tcp connect succeed
2024-11-20 15:00:24,598 - INFO - flit data packet sent
2024-11-20 15:00:24,598 - DEBUG - ====== tcp sent elapsed : 0.0000 ms
2024-11-20 15:00:24,598 - DEBUG - ====== tcp recv elapsed : 0.0000 ms
2024-11-20 15:00:24,598 - INFO - parsering recv flit : get_neuron_state_recv.txt
2024-11-20 15:00:24,608 - INFO - [vt] tik=0, x=0, y=2, relay_link=0x00, addr=0x02000, value=0x0000005c (92)
2024-11-20 15:00:24,614 - INFO - [vt] tik=0, x=0, y=2, relay_link=0x00, addr=0x02001, value=0x00000000 (0)
2024-11-20 15:00:24,614 - DEBUG - ====== parser recv flit:get_neuron_state_recv.txt elapsed : 16.0096 ms
2024-11-20 15:00:57,606 - INFO - generating get_neuron_state_flitin.txt&get_neuron_state_flitin.bin
2024-11-20 15:00:57,606 - DEBUG - ======get_neuron_state_flitin flit_gen elapsed : 0.0000 ms
2024-11-20 15:00:57,606 - INFO - tcp connect succeed
2024-11-20 15:00:57,606 - INFO - flit data packet sent
2024-11-20 15:00:57,606 - DEBUG - ====== tcp sent elapsed : 0.0000 ms
2024-11-20 15:00:57,617 - DEBUG - ====== tcp recv elapsed : 10.9730 ms
2024-11-20 15:00:57,617 - INFO - parsering recv flit : get_neuron_state_recv.txt
2024-11-20 15:00:57,622 - INFO - [vt] tik=0, x=0, y=2, relay_link=0x00, addr=0x02000, value=0x0000006a (106)
2024-11-20 15:00:57,622 - INFO - [vt] tik=0, x=0, y=2, relay_link=0x00, addr=0x02001, value=0x00000000 (0)
2024-11-20 15:00:57,622 - DEBUG - ====== parser recv flit:get_neuron_state_recv.txt elapsed : 4.7407 ms
2024-11-20 15:01:55,479 - INFO - generating get_neuron_state_flitin.txt&get_neuron_state_flitin.bin
2024-11-20 15:01:55,482 - DEBUG - ======get_neuron_state_flitin flit_gen elapsed : 2.5423 ms
2024-11-20 15:01:55,482 - INFO - tcp connect succeed
2024-11-20 15:01:55,483 - INFO - flit data packet sent
2024-11-20 15:01:55,483 - DEBUG - ====== tcp sent elapsed : 0.6759 ms
2024-11-20 15:01:55,488 - DEBUG - ====== tcp recv elapsed : 5.5044 ms
2024-11-20 15:01:55,488 - INFO - parsering recv flit : get_neuron_state_recv.txt
2024-11-20 15:01:55,497 - INFO - [vt] tik=0, x=0, y=2, relay_link=0x00, addr=0x02000, value=0x00000070 (112)
2024-11-20 15:01:55,497 - INFO - [vt] tik=0, x=0, y=2, relay_link=0x00, addr=0x02001, value=0x00000013 (19)
2024-11-20 15:01:55,497 - DEBUG - ====== parser recv flit:get_neuron_state_recv.txt elapsed : 9.0091 ms
2024-11-20 15:02:14,890 - INFO - generating get_neuron_state_flitin.txt&get_neuron_state_flitin.bin
2024-11-20 15:02:14,892 - DEBUG - ======get_neuron_state_flitin flit_gen elapsed : 1.7574 ms
2024-11-20 15:02:14,893 - INFO - tcp connect succeed
2024-11-20 15:02:14,894 - INFO - flit data packet sent
2024-11-20 15:02:14,894 - DEBUG - ====== tcp sent elapsed : 1.0006 ms
2024-11-20 15:02:14,899 - DEBUG - ====== tcp recv elapsed : 5.9597 ms
2024-11-20 15:02:14,899 - INFO - parsering recv flit : get_neuron_state_recv.txt
2024-11-20 15:02:14,909 - INFO - [vt] tik=0, x=0, y=2, relay_link=0x00, addr=0x02000, value=0x00000069 (105)
2024-11-20 15:02:14,909 - INFO - [vt] tik=0, x=0, y=2, relay_link=0x00, addr=0x02001, value=0x00000011 (17)
2024-11-20 15:02:14,909 - DEBUG - ====== parser recv flit:get_neuron_state_recv.txt elapsed : 10.4506 ms
